Determining if the pthread_create exist failed with the following output:
Change Dir: /home/matheus/Documents/bti/EDB1Codes/projetos/List-ADT/build/CMakeFiles/CMakeTmp

Run Build Command:"/usr/bin/make" "cmTC_3d23c/fast"
/usr/bin/make -f CMakeFiles/cmTC_3d23c.dir/build.make CMakeFiles/cmTC_3d23c.dir/build
make[1]: Entering directory '/home/matheus/Documents/bti/EDB1Codes/projetos/List-ADT/build/CMakeFiles/CMakeTmp'
Building CXX object CMakeFiles/cmTC_3d23c.dir/CheckSymbolExists.cxx.o
/usr/bin/c++     -o CMakeFiles/cmTC_3d23c.dir/CheckSymbolExists.cxx.o -c /home/matheus/Documents/bti/EDB1Codes/projetos/List-ADT/build/CMakeFiles/CMakeTmp/CheckSymbolExists.cxx
Linking CXX executable cmTC_3d23c
/usr/bin/cmake -E cmake_link_script CMakeFiles/cmTC_3d23c.dir/link.txt --verbose=1
/usr/bin/c++       CMakeFiles/cmTC_3d23c.dir/CheckSymbolExists.cxx.o  -o cmTC_3d23c 
/usr/bin/ld: CMakeFiles/cmTC_3d23c.dir/CheckSymbolExists.cxx.o: in function `main':
CheckSymbolExists.cxx:(.text+0x1b): undefined reference to `pthread_create'
collect2: error: ld returned 1 exit status
make[1]: *** [CMakeFiles/cmTC_3d23c.dir/build.make:87: cmTC_3d23c] Error 1
make[1]: Leaving directory '/home/matheus/Documents/bti/EDB1Codes/projetos/List-ADT/build/CMakeFiles/CMakeTmp'
make: *** [Makefile:121: cmTC_3d23c/fast] Error 2

File /home/matheus/Documents/bti/EDB1Codes/projetos/List-ADT/build/CMakeFiles/CMakeTmp/CheckSymbolExists.cxx:
/* */
#include <pthread.h>

int main(int argc, char** argv)
{
  (void)argv;
#ifndef pthread_create
  return ((int*)(&pthread_create))[argc];
#else
  (void)argc;
  return 0;
#endif
}

Determining if the function pthread_create exists in the pthreads failed with the following output:
Change Dir: /home/matheus/Documents/bti/EDB1Codes/projetos/List-ADT/build/CMakeFiles/CMakeTmp

Run Build Command:"/usr/bin/make" "cmTC_52bd6/fast"
/usr/bin/make -f CMakeFiles/cmTC_52bd6.dir/build.make CMakeFiles/cmTC_52bd6.dir/build
make[1]: Entering directory '/home/matheus/Documents/bti/EDB1Codes/projetos/List-ADT/build/CMakeFiles/CMakeTmp'
Building CXX object CMakeFiles/cmTC_52bd6.dir/CheckFunctionExists.cxx.o
/usr/bin/c++    -DCHECK_FUNCTION_EXISTS=pthread_create   -o CMakeFiles/cmTC_52bd6.dir/CheckFunctionExists.cxx.o -c /home/matheus/Documents/bti/EDB1Codes/projetos/List-ADT/build/CMakeFiles/CheckLibraryExists/CheckFunctionExists.cxx
Linking CXX executable cmTC_52bd6
/usr/bin/cmake -E cmake_link_script CMakeFiles/cmTC_52bd6.dir/link.txt --verbose=1
/usr/bin/c++   -DCHECK_FUNCTION_EXISTS=pthread_create    CMakeFiles/cmTC_52bd6.dir/CheckFunctionExists.cxx.o  -o cmTC_52bd6 -lpthreads 
/usr/bin/ld: cannot find -lpthreads
collect2: error: ld returned 1 exit status
make[1]: *** [CMakeFiles/cmTC_52bd6.dir/build.make:87: cmTC_52bd6] Error 1
make[1]: Leaving directory '/home/matheus/Documents/bti/EDB1Codes/projetos/List-ADT/build/CMakeFiles/CMakeTmp'
make: *** [Makefile:121: cmTC_52bd6/fast] Error 2


